Arguments: 
  /usr/local/bin/node /usr/local/Cellar/yarn/1.5.1/libexec/bin/yarn.js run react-dev

PATH: 
  /usr/local/bin:/usr/bin:/bin:/usr/sbin:/sbin

Yarn version: 
  1.5.1

Node version: 
  8.9.4

Platform: 
  darwin x64

npm manifest: 
  {
    "name": "spotifight-ui",
    "version": "1.0.0",
    "license": "MIT",
    "scripts": {
      "react-dev": "webpack -w --mode development"
    },
    "dependencies": {
      "babel-core": "^6.26.0",
      "babel-loader": "^7.1.4",
      "babel-preset-env": "^1.6.1",
      "babel-preset-react": "^6.24.1",
      "material-ui": "^0.20.0",
      "react": "^16.2.0",
      "react-dom": "^16.2.0",
      "react-redux": "^5.0.7",
      "react-router-dom": "^4.2.2",
      "redux": "^3.7.2",
      "webpack": "^4.1.1"
    },
    "devDependencies": {
      "css-loader": "^0.28.10",
      "node-sass": "^4.7.2",
      "sass-loader": "^6.0.7",
      "style-loader": "^0.20.3",
      "webpack-cli": "^2.0.12"
    }
  }

yarn manifest: 
  No manifest

Lockfile: 
  No lockfile

Trace: 
  Error: Command failed.
  Exit code: 1
  Command: sh
  Arguments: -c webpack -w --mode development
  Directory: /Users/nelsonchen/HackReactor/SpotiFight/spotifight-ui
  Output:
  
      at ProcessTermError.MessageError (/usr/local/Cellar/yarn/1.5.1/libexec/lib/cli.js:186:110)
      at new ProcessTermError (/usr/local/Cellar/yarn/1.5.1/libexec/lib/cli.js:226:113)
      at ChildProcess.<anonymous> (/usr/local/Cellar/yarn/1.5.1/libexec/lib/cli.js:30281:17)
      at emitTwo (events.js:126:13)
      at ChildProcess.emit (events.js:214:7)
      at maybeClose (internal/child_process.js:925:16)
      at Process.ChildProcess._handle.onexit (internal/child_process.js:209:5)
